{
  "stats": {
    "suites": 1,
    "tests": 4,
    "passes": 0,
    "pending": 0,
    "failures": 4,
    "start": "2024-11-02T06:47:10.376Z",
    "end": "2024-11-02T06:47:10.397Z",
    "duration": 21,
    "testsRegistered": 4,
    "passPercent": 0,
    "pendingPercent": 0,
    "other": 0,
    "hasOther": false,
    "skipped": 0,
    "hasSkipped": false
  },
  "results": [
    {
      "uuid": "80c14e67-3eea-4d83-a2d9-17171af48a6a",
      "title": "",
      "fullFile": "C:\\Users\\yuma_noguchi\\Desktop\\Develop\\08_vscode\\sdk-clang-comment\\out\\test\\proejct.test.js",
      "file": "\\out\\test\\proejct.test.js",
      "beforeHooks": [],
      "afterHooks": [],
      "tests": [],
      "suites": [
        {
          "uuid": "b03ee4c0-90e5-4b21-9c56-bfc9fa03ab10",
          "title": "仕様:プロジェクトの名前変更のテスト",
          "fullFile": "C:\\Users\\yuma_noguchi\\Desktop\\Develop\\08_vscode\\sdk-clang-comment\\out\\test\\proejct.test.js",
          "file": "\\out\\test\\proejct.test.js",
          "beforeHooks": [],
          "afterHooks": [],
          "tests": [
            {
              "title": "① プロジェクトのルートの package.json に name: \"@mogwai/c-comment-lint\" があること",
              "fullTitle": "仕様:プロジェクトの名前変更のテスト ① プロジェクトのルートの package.json に name: \"@mogwai/c-comment-lint\" があること",
              "timedOut": false,
              "duration": 5,
              "state": "failed",
              "speed": null,
              "pass": false,
              "fail": true,
              "pending": false,
              "context": null,
              "code": "const root_json = JSON.parse(await fs_1.promises.readFile(\"package.json\", \"utf-8\"));\nassert.equal(root_json['name'], '@mogwai/c-comment-lint');",
              "err": {
                "message": "AssertionError: 'lsp-sample' == '@mogwai/c-comment-lint'",
                "estack": "AssertionError [ERR_ASSERTION]: 'lsp-sample' == '@mogwai/c-comment-lint'\n    at Context.<anonymous> (out\\test\\proejct.test.js:8:16)",
                "diff": "- lsp-sample\n+ @mogwai/c-comment-lint\n"
              },
              "uuid": "87581a46-a9a6-4c6c-bdbd-676c82c51f28",
              "parentUUID": "b03ee4c0-90e5-4b21-9c56-bfc9fa03ab10",
              "isHook": false,
              "skipped": false
            },
            {
              "title": "② client/package.json に name: \"@mogwai/c-comment-lint-client\" があること",
              "fullTitle": "仕様:プロジェクトの名前変更のテスト ② client/package.json に name: \"@mogwai/c-comment-lint-client\" があること",
              "timedOut": false,
              "duration": 1,
              "state": "failed",
              "speed": null,
              "pass": false,
              "fail": true,
              "pending": false,
              "context": null,
              "code": "const root_json = JSON.parse(await fs_1.promises.readFile(\"client/package.json\", \"utf-8\"));\nassert.equal(root_json['name'], '@mogwai/c-comment-lint-client');",
              "err": {
                "message": "AssertionError: 'lsp-sample-client' == '@mogwai/c-comment-lint-client'",
                "estack": "AssertionError [ERR_ASSERTION]: 'lsp-sample-client' == '@mogwai/c-comment-lint-client'\n    at Context.<anonymous> (out\\test\\proejct.test.js:12:16)",
                "diff": "- lsp-sample-client\n+ @mogwai/c-comment-lint-client\n"
              },
              "uuid": "239d5f3a-eefd-417e-899b-98d4c6217c54",
              "parentUUID": "b03ee4c0-90e5-4b21-9c56-bfc9fa03ab10",
              "isHook": false,
              "skipped": false
            },
            {
              "title": "③ server/package.json に name: \"@mogwai/c-comment-lint-server\" があること",
              "fullTitle": "仕様:プロジェクトの名前変更のテスト ③ server/package.json に name: \"@mogwai/c-comment-lint-server\" があること",
              "timedOut": false,
              "duration": 1,
              "state": "failed",
              "speed": null,
              "pass": false,
              "fail": true,
              "pending": false,
              "context": null,
              "code": "const root_json = JSON.parse(await fs_1.promises.readFile(\"server/package.json\", \"utf-8\"));\nassert.equal(root_json['name'], '@mogwai/c-comment-lint-server');",
              "err": {
                "message": "AssertionError: 'lsp-sample-server' == '@mogwai/c-comment-lint-server'",
                "estack": "AssertionError [ERR_ASSERTION]: 'lsp-sample-server' == '@mogwai/c-comment-lint-server'\n    at Context.<anonymous> (out\\test\\proejct.test.js:16:16)",
                "diff": "- lsp-sample-server\n+ @mogwai/c-comment-lint-server\n"
              },
              "uuid": "147ab6f6-7968-4f7f-9a34-7d5cdadef598",
              "parentUUID": "b03ee4c0-90e5-4b21-9c56-bfc9fa03ab10",
              "isHook": false,
              "skipped": false
            },
            {
              "title": "④ プロジェクトのルートの package.json に publisher: \"mogwai\" があること",
              "fullTitle": "仕様:プロジェクトの名前変更のテスト ④ プロジェクトのルートの package.json に publisher: \"mogwai\" があること",
              "timedOut": false,
              "duration": 1,
              "state": "failed",
              "speed": null,
              "pass": false,
              "fail": true,
              "pending": false,
              "context": null,
              "code": "const root_json = JSON.parse(await fs_1.promises.readFile(\"package.json\", \"utf-8\"));\nassert.equal(root_json['publisher'], 'mogwai');",
              "err": {
                "message": "AssertionError: 'vscode-samples' == 'mogwai'",
                "estack": "AssertionError [ERR_ASSERTION]: 'vscode-samples' == 'mogwai'\n    at Context.<anonymous> (out\\test\\proejct.test.js:20:16)",
                "diff": "- vscode-samples\n+ mogwai\n"
              },
              "uuid": "facc46c9-3192-4d41-8e7e-754940a435c5",
              "parentUUID": "b03ee4c0-90e5-4b21-9c56-bfc9fa03ab10",
              "isHook": false,
              "skipped": false
            }
          ],
          "suites": [],
          "passes": [],
          "failures": [
            "87581a46-a9a6-4c6c-bdbd-676c82c51f28",
            "239d5f3a-eefd-417e-899b-98d4c6217c54",
            "147ab6f6-7968-4f7f-9a34-7d5cdadef598",
            "facc46c9-3192-4d41-8e7e-754940a435c5"
          ],
          "pending": [],
          "skipped": [],
          "duration": 8,
          "root": false,
          "rootEmpty": false,
          "_timeout": 2000
        }
      ],
      "passes": [],
      "failures": [],
      "pending": [],
      "skipped": [],
      "duration": 0,
      "root": true,
      "rootEmpty": true,
      "_timeout": 2000
    }
  ],
  "meta": {
    "mocha": {
      "version": "10.3.0"
    },
    "mochawesome": {
      "options": {
        "quiet": false,
        "reportFilename": "mochawesome",
        "saveHtml": true,
        "saveJson": true,
        "consoleReporter": "spec",
        "useInlineDiffs": false,
        "code": true
      },
      "version": "7.1.3"
    },
    "marge": {
      "options": null,
      "version": "6.2.0"
    }
  }
}