{
  "stats": {
    "suites": 1,
    "tests": 4,
    "passes": 4,
    "pending": 0,
    "failures": 0,
    "start": "2024-11-02T06:59:08.893Z",
    "end": "2024-11-02T06:59:08.910Z",
    "duration": 17,
    "testsRegistered": 4,
    "passPercent": 100,
    "pendingPercent": 0,
    "other": 0,
    "hasOther": false,
    "skipped": 0,
    "hasSkipped": false
  },
  "results": [
    {
      "uuid": "11e8fbdd-ad9c-4cd1-84c5-b08af4e2dc78",
      "title": "",
      "fullFile": "C:\\Users\\yuma_noguchi\\Desktop\\Develop\\08_vscode\\sdk-clang-comment\\out\\test\\proejct.test.js",
      "file": "\\out\\test\\proejct.test.js",
      "beforeHooks": [],
      "afterHooks": [],
      "tests": [],
      "suites": [
        {
          "uuid": "a595d9fd-91a1-4fb0-a809-90e6a76cb671",
          "title": "仕様:プロジェクトの名前変更のテスト",
          "fullFile": "C:\\Users\\yuma_noguchi\\Desktop\\Develop\\08_vscode\\sdk-clang-comment\\out\\test\\proejct.test.js",
          "file": "\\out\\test\\proejct.test.js",
          "beforeHooks": [],
          "afterHooks": [],
          "tests": [
            {
              "title": "① プロジェクトのルートの package.json に name: \"@mogwai/c-comment-lint\" があること",
              "fullTitle": "仕様:プロジェクトの名前変更のテスト ① プロジェクトのルートの package.json に name: \"@mogwai/c-comment-lint\" があること",
              "timedOut": false,
              "duration": 4,
              "state": "passed",
              "speed": "fast",
              "pass": true,
              "fail": false,
              "pending": false,
              "context": null,
              "code": "const root_json = JSON.parse(await fs_1.promises.readFile(\"package.json\", \"utf-8\"));\nassert.equal(root_json['name'], '@mogwai/c-comment-lint');",
              "err": {},
              "uuid": "51405b1e-5c1a-4ee0-973b-fa845a128151",
              "parentUUID": "a595d9fd-91a1-4fb0-a809-90e6a76cb671",
              "isHook": false,
              "skipped": false
            },
            {
              "title": "② client/package.json に name: \"@mogwai/c-comment-lint-client\" があること",
              "fullTitle": "仕様:プロジェクトの名前変更のテスト ② client/package.json に name: \"@mogwai/c-comment-lint-client\" があること",
              "timedOut": false,
              "duration": 1,
              "state": "passed",
              "speed": "fast",
              "pass": true,
              "fail": false,
              "pending": false,
              "context": null,
              "code": "const root_json = JSON.parse(await fs_1.promises.readFile(\"client/package.json\", \"utf-8\"));\nassert.equal(root_json['name'], '@mogwai/c-comment-lint-client');",
              "err": {},
              "uuid": "dd67221f-3896-4d74-8900-4d95785f4196",
              "parentUUID": "a595d9fd-91a1-4fb0-a809-90e6a76cb671",
              "isHook": false,
              "skipped": false
            },
            {
              "title": "③ server/package.json に name: \"@mogwai/c-comment-lint-server\" があること",
              "fullTitle": "仕様:プロジェクトの名前変更のテスト ③ server/package.json に name: \"@mogwai/c-comment-lint-server\" があること",
              "timedOut": false,
              "duration": 1,
              "state": "passed",
              "speed": "fast",
              "pass": true,
              "fail": false,
              "pending": false,
              "context": null,
              "code": "const root_json = JSON.parse(await fs_1.promises.readFile(\"server/package.json\", \"utf-8\"));\nassert.equal(root_json['name'], '@mogwai/c-comment-lint-server');",
              "err": {},
              "uuid": "fc701566-afbb-4183-b3e4-79e246e59acc",
              "parentUUID": "a595d9fd-91a1-4fb0-a809-90e6a76cb671",
              "isHook": false,
              "skipped": false
            },
            {
              "title": "④ プロジェクトのルートの package.json に publisher: \"mogwai\" があること",
              "fullTitle": "仕様:プロジェクトの名前変更のテスト ④ プロジェクトのルートの package.json に publisher: \"mogwai\" があること",
              "timedOut": false,
              "duration": 1,
              "state": "passed",
              "speed": "fast",
              "pass": true,
              "fail": false,
              "pending": false,
              "context": null,
              "code": "const root_json = JSON.parse(await fs_1.promises.readFile(\"package.json\", \"utf-8\"));\nassert.equal(root_json['publisher'], 'mogwai');",
              "err": {},
              "uuid": "b8c50307-ab71-41e4-bc70-0f7604b80103",
              "parentUUID": "a595d9fd-91a1-4fb0-a809-90e6a76cb671",
              "isHook": false,
              "skipped": false
            }
          ],
          "suites": [],
          "passes": [
            "51405b1e-5c1a-4ee0-973b-fa845a128151",
            "dd67221f-3896-4d74-8900-4d95785f4196",
            "fc701566-afbb-4183-b3e4-79e246e59acc",
            "b8c50307-ab71-41e4-bc70-0f7604b80103"
          ],
          "failures": [],
          "pending": [],
          "skipped": [],
          "duration": 7,
          "root": false,
          "rootEmpty": false,
          "_timeout": 2000
        }
      ],
      "passes": [],
      "failures": [],
      "pending": [],
      "skipped": [],
      "duration": 0,
      "root": true,
      "rootEmpty": true,
      "_timeout": 2000
    }
  ],
  "meta": {
    "mocha": {
      "version": "10.3.0"
    },
    "mochawesome": {
      "options": {
        "quiet": false,
        "reportFilename": "mochawesome",
        "saveHtml": true,
        "saveJson": true,
        "consoleReporter": "spec",
        "useInlineDiffs": false,
        "code": true
      },
      "version": "7.1.3"
    },
    "marge": {
      "options": null,
      "version": "6.2.0"
    }
  }
}